<?xml version="1.0" encoding="UTF-8"?>
<robot generator="Robot 3.2.2 (Python 3.8.2 on darwin)" generated="20210130 16:57:48.608" rpa="false">
<suite id="s1" name="Amazon" source="/Users/sayedsarowar/PycharmProjects/robotframewark/Tests/Amazon.robot">
<test id="s1-t1" name="Launch web app">
<kw name="Open Browser" library="SeleniumLibrary">
<doc>Opens a new browser instance to the optional ``url``.</doc>
<arguments>
<arg>https://www.amazon.in</arg>
<arg>chrome</arg>
</arguments>
<msg timestamp="20210130 16:57:48.923" level="INFO">Opening browser 'chrome' to base url 'https://www.amazon.in'.</msg>
<status status="PASS" starttime="20210130 16:57:48.922" endtime="20210130 16:58:06.713"></status>
</kw>
<kw name="Input Text" library="SeleniumLibrary">
<doc>Types the given ``text`` into the text field identified by ``locator``.</doc>
<arguments>
<arg>id=twotabsearchtextbox</arg>
<arg>Macbook Air</arg>
</arguments>
<msg timestamp="20210130 16:58:06.715" level="INFO">Typing text 'Macbook Air' into text field 'id=twotabsearchtextbox'.</msg>
<status status="PASS" starttime="20210130 16:58:06.714" endtime="20210130 16:58:07.135"></status>
</kw>
<kw name="Click Button" library="SeleniumLibrary">
<doc>Clicks the button identified by ``locator``.</doc>
<arguments>
<arg>id=nav-search-submit-button</arg>
</arguments>
<msg timestamp="20210130 16:58:07.136" level="INFO">Clicking button 'id=nav-search-submit-button'.</msg>
<status status="PASS" starttime="20210130 16:58:07.136" endtime="20210130 16:58:16.361"></status>
</kw>
<kw name="Click Image" library="SeleniumLibrary">
<doc>Clicks an image identified by ``locator``.</doc>
<arguments>
<arg>New Apple MacBook Pro with Apple M1 Chip (13-inch, 8GB RAM, 256GB SSD) - Space Grey (Latest Model)</arg>
</arguments>
<msg timestamp="20210130 16:58:16.362" level="INFO">Clicking image 'New Apple MacBook Pro with Apple M1 Chip (13-inch, 8GB RAM, 256GB SSD) - Space Grey (Latest Model)'.</msg>
<status status="PASS" starttime="20210130 16:58:16.362" endtime="20210130 16:58:16.663"></status>
</kw>
<doc>searh a product in amazon and add to cart</doc>
<tags>
<tag>login</tag>
</tags>
<status status="PASS" starttime="20210130 16:57:48.921" endtime="20210130 16:58:16.664" critical="yes"></status>
</test>
<doc>Simple example using SeleniumLibrary.</doc>
<status status="PASS" starttime="20210130 16:57:48.612" endtime="20210130 16:58:16.668"></status>
</suite>
<statistics>
<total>
<stat pass="1" fail="0">Critical Tests</stat>
<stat pass="1" fail="0">All Tests</stat>
</total>
<tag>
<stat pass="1" fail="0">login</stat>
</tag>
<suite>
<stat pass="1" fail="0" id="s1" name="Amazon">Amazon</stat>
</suite>
</statistics>
<errors>
</errors>
</robot>
